This file contains any messages produced by compilers while
running configure, to aid debugging if configure makes a mistake.

It was created by configure, which was
generated by GNU Autoconf 2.68.  Invocation command line was

  $ ./configure --disable-option-checking --prefix=/usr/local CC=/home/matthew/emscripten/emcc CFLAGS= --cache-file=/dev/null --srcdir=.

## --------- ##
## Platform. ##
## --------- ##

hostname = matthew-VirtualBox
uname -m = x86_64
uname -r = 3.8.0-25-generic
uname -s = Linux
uname -v = #37-Ubuntu SMP Thu Jun 6 20:47:07 UTC 2013

/usr/bin/uname -p = unknown
/bin/uname -X     = unknown

/bin/arch              = unknown
/usr/bin/arch -k       = unknown
/usr/convex/getsysinfo = unknown
/usr/bin/hostinfo      = unknown
/bin/machine           = unknown
/usr/bin/oslevel       = unknown
/bin/universe          = unknown

PATH: /home/matthew/llvm32build/bin
PATH: /usr/lib/x86_64-linux-gnu/qt4/bin
PATH: /home/matthew/bin
PATH: /usr/lib/lightdm/lightdm
PATH: /usr/local/sbin
PATH: /usr/local/bin
PATH: /usr/sbin
PATH: /usr/bin
PATH: /sbin
PATH: /bin
PATH: /usr/games
PATH: /usr/local/games


## ----------- ##
## Core tests. ##
## ----------- ##

configure:2172: checking whether make sets $(MAKE)
configure:2194: result: yes
configure:2255: checking for gcc
configure:2282: result: /home/matthew/emscripten/emcc
configure:2511: checking for C compiler version
configure:2520: /home/matthew/emscripten/emcc --version >&5
emcc (Emscripten GCC-like replacement) 1.4.9 (commit c741788a37b2fe8fa6ae2a9249031a7fda97f842)
Copyright (C) 2013 the Emscripten authors (see AUTHORS.txt)
This is free and open source software under the MIT license.
There is NO warranty; not even for MERCHANTABILITY or FITNESS FOR A PARTICULAR PURPOSE.
  
configure:2531: $? = 0
configure:2520: /home/matthew/emscripten/emcc -v >&5
emcc (Emscripten GCC-like replacement + linker emulating GNU ld ) 2.0
clang version 3.2 (tags/RELEASE_32/final 184396)
Target: x86_64-unknown-linux-gnu
Thread model: posix
configure:2531: $? = 0
configure:2520: /home/matthew/emscripten/emcc -V >&5
clang-3: error: unsupported option '-V -nostdinc'
clang-3: error: no input files
configure:2531: $? = 1
configure:2520: /home/matthew/emscripten/emcc -qversion >&5
clang-3: error: no input files
configure:2531: $? = 1
configure:2551: checking whether the C compiler works
configure:2573: /home/matthew/emscripten/emcc    conftest.c  >&5
clang-3: warning: argument unused during compilation: '-nostdinc++'
configure:2577: $? = 0
configure:2625: result: yes
configure:2628: checking for C compiler default output file name
configure:2630: result: a.out
configure:2636: checking for suffix of executables
configure:2643: /home/matthew/emscripten/emcc -o conftest    conftest.c  >&5
clang-3: warning: argument unused during compilation: '-nostdinc++'
configure:2647: $? = 0
configure:2669: result: 
configure:2691: checking whether we are cross compiling
configure:2699: /home/matthew/emscripten/emcc -o conftest    conftest.c  >&5
clang-3: warning: argument unused during compilation: '-nostdinc++'
configure:2703: $? = 0
configure:2710: ./conftest
configure:2714: $? = 0
configure:2729: result: no
configure:2734: checking for suffix of object files
configure:2756: /home/matthew/emscripten/emcc -c   conftest.c >&5
clang-3: warning: argument unused during compilation: '-nostdinc++'
configure:2760: $? = 0
configure:2781: result: o
configure:2785: checking whether we are using the GNU C compiler
configure:2804: /home/matthew/emscripten/emcc -c   conftest.c >&5
clang-3: warning: argument unused during compilation: '-nostdinc++'
configure:2804: $? = 0
configure:2813: result: yes
configure:2822: checking whether /home/matthew/emscripten/emcc accepts -g
configure:2842: /home/matthew/emscripten/emcc -c -g  conftest.c >&5
clang-3: warning: argument unused during compilation: '-nostdinc++'
configure:2842: $? = 0
configure: failed program was:
| /* confdefs.h */
| #define PACKAGE_NAME ""
| #define PACKAGE_TARNAME ""
| #define PACKAGE_VERSION ""
| #define PACKAGE_STRING ""
| #define PACKAGE_BUGREPORT ""
| #define PACKAGE_URL ""
| /* end confdefs.h.  */
| 
| int
| main ()
| {
| 
|   ;
|   return 0;
| }
configure:2857: /home/matthew/emscripten/emcc -c   conftest.c >&5
clang-3: warning: argument unused during compilation: '-nostdinc++'
configure:2857: $? = 0
configure: failed program was:
| /* confdefs.h */
| #define PACKAGE_NAME ""
| #define PACKAGE_TARNAME ""
| #define PACKAGE_VERSION ""
| #define PACKAGE_STRING ""
| #define PACKAGE_BUGREPORT ""
| #define PACKAGE_URL ""
| /* end confdefs.h.  */
| 
| int
| main ()
| {
| 
|   ;
|   return 0;
| }
configure:2873: /home/matthew/emscripten/emcc -c -g  conftest.c >&5
clang-3: warning: argument unused during compilation: '-nostdinc++'
configure:2873: $? = 0
configure:2883: result: yes
configure:2900: checking for /home/matthew/emscripten/emcc option to accept ISO C89
configure:2964: /home/matthew/emscripten/emcc  -c   conftest.c >&5
clang-3: warning: argument unused during compilation: '-nostdinc++'
configure:2964: $? = 0
configure:2977: result: none needed
configure:3002: checking how to run the C preprocessor
configure:3033: /home/matthew/emscripten/emcc -E  conftest.c
clang-3: warning: argument unused during compilation: '-nostdinc++'
configure:3033: $? = 0
configure:3047: /home/matthew/emscripten/emcc -E  conftest.c
clang-3: warning: argument unused during compilation: '-nostdinc++'
conftest.c:9:10: fatal error: 'ac_nonexistent.h' file not found
#include <ac_nonexistent.h>
         ^
1 error generated.
configure:3047: $? = 1
configure: failed program was:
| /* confdefs.h */
| #define PACKAGE_NAME ""
| #define PACKAGE_TARNAME ""
| #define PACKAGE_VERSION ""
| #define PACKAGE_STRING ""
| #define PACKAGE_BUGREPORT ""
| #define PACKAGE_URL ""
| /* end confdefs.h.  */
| #include <ac_nonexistent.h>
configure:3072: result: /home/matthew/emscripten/emcc -E
configure:3092: /home/matthew/emscripten/emcc -E  conftest.c
clang-3: warning: argument unused during compilation: '-nostdinc++'
configure:3092: $? = 0
configure:3106: /home/matthew/emscripten/emcc -E  conftest.c
clang-3: warning: argument unused during compilation: '-nostdinc++'
conftest.c:9:10: fatal error: 'ac_nonexistent.h' file not found
#include <ac_nonexistent.h>
         ^
1 error generated.
configure:3106: $? = 1
configure: failed program was:
| /* confdefs.h */
| #define PACKAGE_NAME ""
| #define PACKAGE_TARNAME ""
| #define PACKAGE_VERSION ""
| #define PACKAGE_STRING ""
| #define PACKAGE_BUGREPORT ""
| #define PACKAGE_URL ""
| /* end confdefs.h.  */
| #include <ac_nonexistent.h>
configure:3148: checking for a BSD-compatible install
configure:3216: result: /usr/bin/install -c
configure:3233: checking build system type
configure:3247: result: x86_64-unknown-linux-gnu
configure:3267: checking host system type
configure:3280: result: x86_64-unknown-linux-gnu
configure:3303: checking whether to activate relocatable installation
configure:3318: result: no
configure:3352: checking whether ln -s works
configure:3356: result: yes
configure:3367: checking for grep that handles long lines and -e
configure:3425: result: /bin/grep
configure:3430: checking for egrep
configure:3492: result: /bin/grep -E
configure:3497: checking for ANSI C header files
configure:3517: /home/matthew/emscripten/emcc -c   conftest.c >&5
clang-3: warning: argument unused during compilation: '-nostdinc++'
configure:3517: $? = 0
clang-3: warning: argument unused during compilation: '-nostdinc++'
clang-3: warning: argument unused during compilation: '-nostdinc++'
configure:3590: /home/matthew/emscripten/emcc -o conftest    conftest.c  >&5
clang-3: warning: argument unused during compilation: '-nostdinc++'
configure:3590: $? = 0
configure:3590: ./conftest
configure:3590: $? = 0
configure:3601: result: yes
configure:3614: checking for sys/types.h
configure:3614: /home/matthew/emscripten/emcc -c   conftest.c >&5
clang-3: warning: argument unused during compilation: '-nostdinc++'
configure:3614: $? = 0
configure:3614: result: yes
configure:3614: checking for sys/stat.h
configure:3614: /home/matthew/emscripten/emcc -c   conftest.c >&5
clang-3: warning: argument unused during compilation: '-nostdinc++'
configure:3614: $? = 0
configure:3614: result: yes
configure:3614: checking for stdlib.h
configure:3614: /home/matthew/emscripten/emcc -c   conftest.c >&5
clang-3: warning: argument unused during compilation: '-nostdinc++'
configure:3614: $? = 0
configure:3614: result: yes
configure:3614: checking for string.h
configure:3614: /home/matthew/emscripten/emcc -c   conftest.c >&5
clang-3: warning: argument unused during compilation: '-nostdinc++'
configure:3614: $? = 0
configure:3614: result: yes
configure:3614: checking for memory.h
configure:3614: /home/matthew/emscripten/emcc -c   conftest.c >&5
clang-3: warning: argument unused during compilation: '-nostdinc++'
configure:3614: $? = 0
configure:3614: result: yes
configure:3614: checking for strings.h
configure:3614: /home/matthew/emscripten/emcc -c   conftest.c >&5
clang-3: warning: argument unused during compilation: '-nostdinc++'
configure:3614: $? = 0
configure:3614: result: yes
configure:3614: checking for inttypes.h
configure:3614: /home/matthew/emscripten/emcc -c   conftest.c >&5
clang-3: warning: argument unused during compilation: '-nostdinc++'
configure:3614: $? = 0
configure:3614: result: yes
configure:3614: checking for stdint.h
configure:3614: /home/matthew/emscripten/emcc -c   conftest.c >&5
clang-3: warning: argument unused during compilation: '-nostdinc++'
configure:3614: $? = 0
configure:3614: result: yes
configure:3614: checking for unistd.h
configure:3614: /home/matthew/emscripten/emcc -c   conftest.c >&5
clang-3: warning: argument unused during compilation: '-nostdinc++'
configure:3614: $? = 0
configure:3614: result: yes
configure:3629: checking minix/config.h usability
configure:3629: /home/matthew/emscripten/emcc -c   conftest.c >&5
clang-3: warning: argument unused during compilation: '-nostdinc++'
conftest.c:53:10: fatal error: 'minix/config.h' file not found
#include <minix/config.h>
         ^
1 error generated.
configure:3629: $? = 1
configure: failed program was:
| /* confdefs.h */
| #define PACKAGE_NAME ""
| #define PACKAGE_TARNAME ""
| #define PACKAGE_VERSION ""
| #define PACKAGE_STRING ""
| #define PACKAGE_BUGREPORT ""
| #define PACKAGE_URL ""
| #define INSTALLPREFIX "/usr/local"
| #define STDC_HEADERS 1
| #define HAVE_SYS_TYPES_H 1
| #define HAVE_SYS_STAT_H 1
| #define HAVE_STDLIB_H 1
| #define HAVE_STRING_H 1
| #define HAVE_MEMORY_H 1
| #define HAVE_STRINGS_H 1
| #define HAVE_INTTYPES_H 1
| #define HAVE_STDINT_H 1
| #define HAVE_UNISTD_H 1
| /* end confdefs.h.  */
| #include <stdio.h>
| #ifdef HAVE_SYS_TYPES_H
| # include <sys/types.h>
| #endif
| #ifdef HAVE_SYS_STAT_H
| # include <sys/stat.h>
| #endif
| #ifdef STDC_HEADERS
| # include <stdlib.h>
| # include <stddef.h>
| #else
| # ifdef HAVE_STDLIB_H
| #  include <stdlib.h>
| # endif
| #endif
| #ifdef HAVE_STRING_H
| # if !defined STDC_HEADERS && defined HAVE_MEMORY_H
| #  include <memory.h>
| # endif
| # include <string.h>
| #endif
| #ifdef HAVE_STRINGS_H
| # include <strings.h>
| #endif
| #ifdef HAVE_INTTYPES_H
| # include <inttypes.h>
| #endif
| #ifdef HAVE_STDINT_H
| # include <stdint.h>
| #endif
| #ifdef HAVE_UNISTD_H
| # include <unistd.h>
| #endif
| #include <minix/config.h>
configure:3629: result: no
configure:3629: checking minix/config.h presence
configure:3629: /home/matthew/emscripten/emcc -E  conftest.c
clang-3: warning: argument unused during compilation: '-nostdinc++'
conftest.c:20:10: fatal error: 'minix/config.h' file not found
#include <minix/config.h>
         ^
1 error generated.
configure:3629: $? = 1
configure: failed program was:
| /* confdefs.h */
| #define PACKAGE_NAME ""
| #define PACKAGE_TARNAME ""
| #define PACKAGE_VERSION ""
| #define PACKAGE_STRING ""
| #define PACKAGE_BUGREPORT ""
| #define PACKAGE_URL ""
| #define INSTALLPREFIX "/usr/local"
| #define STDC_HEADERS 1
| #define HAVE_SYS_TYPES_H 1
| #define HAVE_SYS_STAT_H 1
| #define HAVE_STDLIB_H 1
| #define HAVE_STRING_H 1
| #define HAVE_MEMORY_H 1
| #define HAVE_STRINGS_H 1
| #define HAVE_INTTYPES_H 1
| #define HAVE_STDINT_H 1
| #define HAVE_UNISTD_H 1
| /* end confdefs.h.  */
| #include <minix/config.h>
configure:3629: result: no
configure:3629: checking for minix/config.h
configure:3629: result: no
configure:3658: checking whether it is safe to define __EXTENSIONS__
configure:3676: /home/matthew/emscripten/emcc -c   conftest.c >&5
clang-3: warning: argument unused during compilation: '-nostdinc++'
configure:3676: $? = 0
configure:3683: result: yes
configure:3751: checking how to print strings
configure:3778: result: printf
configure:3799: checking for a sed that does not truncate output
configure:3863: result: /bin/sed
configure:3881: checking for fgrep
configure:3943: result: /bin/grep -F
configure:3978: checking for ld used by /home/matthew/emscripten/emcc
configure:4045: result: /home/matthew/emscripten/emcc -m elf_x86_64
configure:4052: checking if the linker (/home/matthew/emscripten/emcc -m elf_x86_64) is GNU ld
configure:4067: result: no
configure:4079: checking for BSD- or MS-compatible name lister (nm)
configure:4128: result: /usr/bin/nm -B
configure:4258: checking the name lister (/usr/bin/nm -B) interface
configure:4265: /home/matthew/emscripten/emcc -c   conftest.c >&5
clang-3: warning: argument unused during compilation: '-nostdinc++'
configure:4268: /usr/bin/nm -B "conftest.o"
configure:4271: output
0000000000000000 B some_variable
configure:4278: result: BSD nm
configure:4282: checking the maximum length of command line arguments
configure:4407: result: 1572864
configure:4424: checking whether the shell understands some XSI constructs
configure:4434: result: yes
configure:4438: checking whether the shell understands "+="
configure:4444: result: yes
configure:4479: checking how to convert x86_64-unknown-linux-gnu file names to x86_64-unknown-linux-gnu format
configure:4519: result: func_convert_file_noop
configure:4526: checking how to convert x86_64-unknown-linux-gnu file names to toolchain format
configure:4546: result: func_convert_file_noop
configure:4553: checking for /home/matthew/emscripten/emcc -m elf_x86_64 option to reload object files
configure:4560: result: -r
configure:4634: checking for objdump
configure:4650: found /usr/bin/objdump
configure:4661: result: objdump
configure:4690: checking how to recognize dependent libraries
configure:4892: result: pass_all
configure:4977: checking for dlltool
configure:5007: result: no
configure:5034: checking how to associate runtime and link libraries
configure:5061: result: printf %s\n
configure:5185: checking for archiver @FILE support
configure:5202: /home/matthew/emscripten/emcc -c   conftest.c >&5
clang-3: warning: argument unused during compilation: '-nostdinc++'
configure:5202: $? = 0
configure:5205: ar cru libconftest.a @conftest.lst >&5
configure:5208: $? = 0
configure:5213: ar cru libconftest.a @conftest.lst >&5
ar: conftest.o: No such file or directory
configure:5216: $? = 1
configure:5228: result: @
configure:5286: checking for strip
configure:5302: found /usr/bin/strip
configure:5313: result: strip
configure:5385: checking for ranlib
configure:5412: result: /home/matthew/emscripten/emranlib
configure:5489: checking for gawk
configure:5505: found /usr/bin/gawk
configure:5516: result: gawk
configure:5556: checking command to parse /usr/bin/nm -B output from /home/matthew/emscripten/emcc object
configure:5675: /home/matthew/emscripten/emcc -c   conftest.c >&5
clang-3: warning: argument unused during compilation: '-nostdinc++'
configure:5678: $? = 0
configure:5682: /usr/bin/nm -B conftest.o \| sed -n -e 's/^.*[ ]\([ABCDGIRSTW][ABCDGIRSTW]*\)[ ][ ]*\([_A-Za-z][_A-Za-z0-9]*\)$/\1 \2 \2/p' | sed '/ __gnu_lto/d' \> conftest.nm
configure:5685: $? = 0
configure:5751: /home/matthew/emscripten/emcc -o conftest    conftest.c conftstm.o >&5
clang-3: warning: argument unused during compilation: '-nostdinc++'
configure:5754: $? = 0
configure:5792: result: ok
configure:5829: checking for sysroot
configure:5859: result: no
configure:5936: /home/matthew/emscripten/emcc -c   conftest.c >&5
clang-3: warning: argument unused during compilation: '-nostdinc++'
configure:5939: $? = 0
configure:6102: checking for mt
configure:6118: found /bin/mt
configure:6129: result: mt
configure:6152: checking if mt is a manifest tool
configure:6158: mt '-?'
configure:6166: result: no
configure:6795: checking for dlfcn.h
configure:6795: /home/matthew/emscripten/emcc -c   conftest.c >&5
clang-3: warning: argument unused during compilation: '-nostdinc++'
configure:6795: $? = 0
configure:6795: result: yes
configure:7280: checking for objdir
configure:7295: result: .libs
configure:7566: checking if /home/matthew/emscripten/emcc supports -fno-rtti -fno-exceptions
configure:7584: /home/matthew/emscripten/emcc -c   -fno-rtti -fno-exceptions conftest.c >&5
clang-3: warning: argument unused during compilation: '-nostdinc++'
configure:7588: $? = 0
configure:7601: result: yes
configure:7911: checking for /home/matthew/emscripten/emcc option to produce PIC
configure:7918: result: -fPIC -DPIC
configure:7926: checking if /home/matthew/emscripten/emcc PIC flag -fPIC -DPIC works
configure:7944: /home/matthew/emscripten/emcc -c   -fPIC -DPIC -DPIC conftest.c >&5
clang-3: warning: argument unused during compilation: '-nostdinc++'
configure:7948: $? = 0
configure:7961: result: yes
configure:7990: checking if /home/matthew/emscripten/emcc static flag -static works
clang-3: warning: argument unused during compilation: '-nostdinc++'
configure:8018: result: yes
configure:8033: checking if /home/matthew/emscripten/emcc supports -c -o file.o
configure:8054: /home/matthew/emscripten/emcc -c   -o out/conftest2.o conftest.c >&5
clang-3: warning: argument unused during compilation: '-nostdinc++'
configure:8058: $? = 0
configure:8080: result: yes
configure:8088: checking if /home/matthew/emscripten/emcc supports -c -o file.o
configure:8135: result: yes
configure:8168: checking whether the /home/matthew/emscripten/emcc linker (/home/matthew/emscripten/emcc -m elf_x86_64 -m elf_x86_64) supports shared libraries
configure:9326: result: no
configure:9571: checking dynamic linker characteristics
configure:10085: /home/matthew/emscripten/emcc -o conftest     conftest.c  >&5
clang-3: warning: argument unused during compilation: '-nostdinc++'
configure:10085: $? = 0
configure:10307: result: GNU/Linux ld.so
configure:10414: checking how to hardcode library paths into programs
configure:10439: result: unsupported
configure:10979: checking whether stripping libraries is possible
configure:10984: result: yes
configure:11019: checking if libtool supports shared libraries
configure:11021: result: no
configure:11024: checking whether to build shared libraries
configure:11045: result: no
configure:11048: checking whether to build static libraries
configure:11052: result: yes
configure:11092: checking whether the -Werror option is usable
configure:11111: /home/matthew/emscripten/emcc -c  -Werror  conftest.c >&5
clang-3: error: argument unused during compilation: '-nostdinc++'
configure:11111: $? = 1
configure: failed program was:
| /* confdefs.h */
| #define PACKAGE_NAME ""
| #define PACKAGE_TARNAME ""
| #define PACKAGE_VERSION ""
| #define PACKAGE_STRING ""
| #define PACKAGE_BUGREPORT ""
| #define PACKAGE_URL ""
| #define INSTALLPREFIX "/usr/local"
| #define STDC_HEADERS 1
| #define HAVE_SYS_TYPES_H 1
| #define HAVE_SYS_STAT_H 1
| #define HAVE_STDLIB_H 1
| #define HAVE_STRING_H 1
| #define HAVE_MEMORY_H 1
| #define HAVE_STRINGS_H 1
| #define HAVE_INTTYPES_H 1
| #define HAVE_STDINT_H 1
| #define HAVE_UNISTD_H 1
| #define __EXTENSIONS__ 1
| #define _ALL_SOURCE 1
| #define _GNU_SOURCE 1
| #define _POSIX_PTHREAD_SEMANTICS 1
| #define _TANDEM_SOURCE 1
| #define HAVE_DLFCN_H 1
| #define LT_OBJDIR ".libs/"
| /* end confdefs.h.  */
| 
| int
| main ()
| {
| 
|   ;
|   return 0;
| }
configure:11120: result: no
configure:11122: checking for simple visibility declarations
configure:11149: /home/matthew/emscripten/emcc -c  -fvisibility=hidden  conftest.c >&5
clang-3: warning: argument unused during compilation: '-nostdinc++'
configure:11149: $? = 0
configure:11158: result: yes
configure:11335: creating ./config.status

## ---------------------- ##
## Running config.status. ##
## ---------------------- ##

This file was extended by config.status, which was
generated by GNU Autoconf 2.68.  Invocation command line was

  CONFIG_FILES    = 
  CONFIG_HEADERS  = 
  CONFIG_LINKS    = 
  CONFIG_COMMANDS = 
  $ ./config.status 

on matthew-VirtualBox

config.status:984: creating Makefile
config.status:1150: executing libtool commands

## ---------------- ##
## Cache variables. ##
## ---------------- ##

ac_cv_build=x86_64-unknown-linux-gnu
ac_cv_c_compiler_gnu=yes
ac_cv_env_CC_set=set
ac_cv_env_CC_value=/home/matthew/emscripten/emcc
ac_cv_env_CFLAGS_set=set
ac_cv_env_CFLAGS_value=
ac_cv_env_CPPFLAGS_set=
ac_cv_env_CPPFLAGS_value=
ac_cv_env_CPP_set=
ac_cv_env_CPP_value=
ac_cv_env_LDFLAGS_set=
ac_cv_env_LDFLAGS_value=
ac_cv_env_LIBS_set=
ac_cv_env_LIBS_value=
ac_cv_env_build_alias_set=
ac_cv_env_build_alias_value=
ac_cv_env_host_alias_set=
ac_cv_env_host_alias_value=
ac_cv_env_target_alias_set=
ac_cv_env_target_alias_value=
ac_cv_header_dlfcn_h=yes
ac_cv_header_inttypes_h=yes
ac_cv_header_memory_h=yes
ac_cv_header_minix_config_h=no
ac_cv_header_stdc=yes
ac_cv_header_stdint_h=yes
ac_cv_header_stdlib_h=yes
ac_cv_header_string_h=yes
ac_cv_header_strings_h=yes
ac_cv_header_sys_stat_h=yes
ac_cv_header_sys_types_h=yes
ac_cv_header_unistd_h=yes
ac_cv_host=x86_64-unknown-linux-gnu
ac_cv_objext=o
ac_cv_path_EGREP='/bin/grep -E'
ac_cv_path_FGREP='/bin/grep -F'
ac_cv_path_GREP=/bin/grep
ac_cv_path_SED=/bin/sed
ac_cv_path_install='/usr/bin/install -c'
ac_cv_prog_AWK=gawk
ac_cv_prog_CPP='/home/matthew/emscripten/emcc -E'
ac_cv_prog_ac_ct_CC=/home/matthew/emscripten/emcc
ac_cv_prog_ac_ct_MANIFEST_TOOL=mt
ac_cv_prog_ac_ct_OBJDUMP=objdump
ac_cv_prog_ac_ct_RANLIB=/home/matthew/emscripten/emranlib
ac_cv_prog_ac_ct_STRIP=strip
ac_cv_prog_cc_c89=
ac_cv_prog_cc_g=yes
ac_cv_prog_make_make_set=yes
ac_cv_safe_to_define___extensions__=yes
gl_cv_cc_vis_werror=no
gl_cv_cc_visibility=yes
lt_cv_ar_at_file=@
lt_cv_deplibs_check_method=pass_all
lt_cv_file_magic_cmd='$MAGIC_CMD'
lt_cv_file_magic_test_file=
lt_cv_ld_reload_flag=-r
lt_cv_nm_interface='BSD nm'
lt_cv_objdir=.libs
lt_cv_path_LD='/home/matthew/emscripten/emcc -m elf_x86_64'
lt_cv_path_NM='/usr/bin/nm -B'
lt_cv_path_mainfest_tool=no
lt_cv_prog_compiler_c_o=yes
lt_cv_prog_compiler_pic='-fPIC -DPIC'
lt_cv_prog_compiler_pic_works=yes
lt_cv_prog_compiler_rtti_exceptions=yes
lt_cv_prog_compiler_static_works=yes
lt_cv_prog_gnu_ld=no
lt_cv_sharedlib_from_linklib_cmd='printf %s\n'
lt_cv_shlibpath_overrides_runpath=no
lt_cv_sys_global_symbol_pipe='sed -n -e '\''s/^.*[	 ]\([ABCDGIRSTW][ABCDGIRSTW]*\)[	 ][	 ]*\([_A-Za-z][_A-Za-z0-9]*\)$/\1 \2 \2/p'\'' | sed '\''/ __gnu_lto/d'\'''
lt_cv_sys_global_symbol_to_c_name_address='sed -n -e '\''s/^: \([^ ]*\)[ ]*$/  {\"\1\", (void *) 0},/p'\'' -e '\''s/^[ABCDGIRSTW]* \([^ ]*\) \([^ ]*\)$/  {"\2", (void *) \&\2},/p'\'''
lt_cv_sys_global_symbol_to_c_name_address_lib_prefix='sed -n -e '\''s/^: \([^ ]*\)[ ]*$/  {\"\1\", (void *) 0},/p'\'' -e '\''s/^[ABCDGIRSTW]* \([^ ]*\) \(lib[^ ]*\)$/  {"\2", (void *) \&\2},/p'\'' -e '\''s/^[ABCDGIRSTW]* \([^ ]*\) \([^ ]*\)$/  {"lib\2", (void *) \&\2},/p'\'''
lt_cv_sys_global_symbol_to_cdecl='sed -n -e '\''s/^T .* \(.*\)$/extern int \1();/p'\'' -e '\''s/^[ABCDGIRSTW]* .* \(.*\)$/extern char \1;/p'\'''
lt_cv_sys_max_cmd_len=1572864
lt_cv_to_host_file_cmd=func_convert_file_noop
lt_cv_to_tool_file_cmd=func_convert_file_noop

## ----------------- ##
## Output variables. ##
## ----------------- ##

AR='ar'
AS='as'
AWK='gawk'
CC='/home/matthew/emscripten/emcc'
CFLAGS=''
CFLAG_VISIBILITY='-fvisibility=hidden'
CPP='/home/matthew/emscripten/emcc -E'
CPPFLAGS=''
DEFS='-DPACKAGE_NAME=\"\" -DPACKAGE_TARNAME=\"\" -DPACKAGE_VERSION=\"\" -DPACKAGE_STRING=\"\" -DPACKAGE_BUGREPORT=\"\" -DPACKAGE_URL=\"\" -DINSTALLPREFIX=\"/usr/local\" -DSTDC_HEADERS=1 -DHAVE_SYS_TYPES_H=1 -DHAVE_SYS_STAT_H=1 -DHAVE_STDLIB_H=1 -DHAVE_STRING_H=1 -DHAVE_MEMORY_H=1 -DHAVE_STRINGS_H=1 -DHAVE_INTTYPES_H=1 -DHAVE_STDINT_H=1 -DHAVE_UNISTD_H=1 -D__EXTENSIONS__=1 -D_ALL_SOURCE=1 -D_GNU_SOURCE=1 -D_POSIX_PTHREAD_SEMANTICS=1 -D_TANDEM_SOURCE=1 -DHAVE_DLFCN_H=1 -DLT_OBJDIR=\".libs/\" -DHAVE_VISIBILITY=1'
DLLTOOL='false'
DSYMUTIL=''
DUMPBIN=''
ECHO_C=''
ECHO_N='-n'
ECHO_T=''
EGREP='/bin/grep -E'
EXEEXT=''
FGREP='/bin/grep -F'
GREP='/bin/grep'
HAVE_VISIBILITY='1'
INSTALL_DATA='${INSTALL} -m 644'
INSTALL_PROGRAM='${INSTALL}'
INSTALL_SCRIPT='${INSTALL}'
LD='/home/matthew/emscripten/emcc -m elf_x86_64 -m elf_x86_64'
LDFLAGS=''
LIBOBJS=''
LIBS=''
LIBTOOL='/bin/bash $(top_builddir)/libtool'
LIPO=''
LN_S='ln -s'
LTLIBOBJS=''
MANIFEST_TOOL=':'
NM='/usr/bin/nm -B'
NMEDIT=''
OBJDUMP='objdump'
OBJEXT='o'
OTOOL64=''
OTOOL=''
PACKAGE=''
PACKAGE_BUGREPORT=''
PACKAGE_NAME=''
PACKAGE_STRING=''
PACKAGE_TARNAME=''
PACKAGE_URL=''
PACKAGE_VERSION=''
PATH_SEPARATOR=':'
PLUGLIB='preloadable_libiconv.so'
RANLIB='/home/matthew/emscripten/emranlib'
RELOCATABLE='no'
SED='/bin/sed'
SET_MAKE=''
SHELL='/bin/bash'
STRIP='strip'
VERSION=''
ac_ct_AR=''
ac_ct_CC='/home/matthew/emscripten/emcc'
ac_ct_DUMPBIN=''
bindir='${exec_prefix}/bin'
build='x86_64-unknown-linux-gnu'
build_alias=''
build_cpu='x86_64'
build_os='linux-gnu'
build_vendor='unknown'
datadir='${datarootdir}'
datarootdir='${prefix}/share'
docdir='${datarootdir}/doc/${PACKAGE}'
dvidir='${docdir}'
exec_prefix='${prefix}'
host='x86_64-unknown-linux-gnu'
host_alias=''
host_cpu='x86_64'
host_os='linux-gnu'
host_vendor='unknown'
htmldir='${docdir}'
includedir='${prefix}/include'
infodir='${datarootdir}/info'
libdir='${exec_prefix}/lib'
libexecdir='${exec_prefix}/libexec'
localedir='${datarootdir}/locale'
localstatedir='${prefix}/var'
mandir='${datarootdir}/man'
oldincludedir='/usr/include'
pdfdir='${docdir}'
prefix='/usr/local'
program_transform_name='s,x,x,'
psdir='${docdir}'
sbindir='${exec_prefix}/sbin'
sharedstatedir='${prefix}/com'
sysconfdir='${prefix}/etc'
target_alias=''

## ----------- ##
## confdefs.h. ##
## ----------- ##

/* confdefs.h */
#define PACKAGE_NAME ""
#define PACKAGE_TARNAME ""
#define PACKAGE_VERSION ""
#define PACKAGE_STRING ""
#define PACKAGE_BUGREPORT ""
#define PACKAGE_URL ""
#define INSTALLPREFIX "/usr/local"
#define STDC_HEADERS 1
#define HAVE_SYS_TYPES_H 1
#define HAVE_SYS_STAT_H 1
#define HAVE_STDLIB_H 1
#define HAVE_STRING_H 1
#define HAVE_MEMORY_H 1
#define HAVE_STRINGS_H 1
#define HAVE_INTTYPES_H 1
#define HAVE_STDINT_H 1
#define HAVE_UNISTD_H 1
#define __EXTENSIONS__ 1
#define _ALL_SOURCE 1
#define _GNU_SOURCE 1
#define _POSIX_PTHREAD_SEMANTICS 1
#define _TANDEM_SOURCE 1
#define HAVE_DLFCN_H 1
#define LT_OBJDIR ".libs/"
#define HAVE_VISIBILITY 1

configure: exit 0
