This file contains any messages produced by compilers while
running configure, to aid debugging if configure makes a mistake.

It was created by configure, which was
generated by GNU Autoconf 2.59.  Invocation command line was

  $ ./configure 

## --------- ##
## Platform. ##
## --------- ##

hostname = matthew-VirtualBox
uname -m = x86_64
uname -r = 3.8.0-25-generic
uname -s = Linux
uname -v = #37-Ubuntu SMP Thu Jun 6 20:47:07 UTC 2013

/usr/bin/uname -p = unknown
/bin/uname -X     = unknown

/bin/arch              = unknown
/usr/bin/arch -k       = unknown
/usr/convex/getsysinfo = unknown
hostinfo               = unknown
/bin/machine           = unknown
/usr/bin/oslevel       = unknown
/bin/universe          = unknown

PATH: /home/matthew/llvm32build/bin
PATH: /usr/lib/x86_64-linux-gnu/qt4/bin
PATH: /home/matthew/bin
PATH: /usr/lib/lightdm/lightdm
PATH: /usr/local/sbin
PATH: /usr/local/bin
PATH: /usr/sbin
PATH: /usr/bin
PATH: /sbin
PATH: /bin
PATH: /usr/games
PATH: /usr/local/games


## ----------- ##
## Core tests. ##
## ----------- ##

configure:1311: checking for gcc
configure:1337: result: /home/matthew/emscripten/emcc
configure:1581: checking for C compiler version
configure:1584: /home/matthew/emscripten/emcc --version </dev/null >&5
emcc (Emscripten GCC-like replacement) 1.4.9 (commit c741788a37b2fe8fa6ae2a9249031a7fda97f842)
Copyright (C) 2013 the Emscripten authors (see AUTHORS.txt)
This is free and open source software under the MIT license.
There is NO warranty; not even for MERCHANTABILITY or FITNESS FOR A PARTICULAR PURPOSE.
  
configure:1587: $? = 0
configure:1589: /home/matthew/emscripten/emcc -v </dev/null >&5
clang version 3.2 (tags/RELEASE_32/final 184396)
Target: x86_64-unknown-linux-gnu
Thread model: posix
emcc (Emscripten GCC-like replacement + linker emulating GNU ld ) 2.0
configure:1592: $? = 0
configure:1594: /home/matthew/emscripten/emcc -V </dev/null >&5
clang-3: error: unsupported option '-V -nostdinc'
clang-3: error: no input files
configure:1597: $? = 1
configure:1620: checking for C compiler default output file name
configure:1623: /home/matthew/emscripten/emcc      -pthread -D_REENTRANT conftest.c  -lpthread  >&5
clang-3: warning: argument unused during compilation: '-nostdinc++'
configure:1626: $? = 0
configure:1672: result: a.out
configure:1677: checking whether the C compiler works
configure:1683: ./a.out
configure:1686: $? = 0
configure:1703: result: yes
configure:1710: checking whether we are cross compiling
configure:1712: result: no
configure:1715: checking for suffix of executables
configure:1717: /home/matthew/emscripten/emcc -o conftest      -pthread -D_REENTRANT conftest.c  -lpthread  >&5
clang-3: warning: argument unused during compilation: '-nostdinc++'
configure:1720: $? = 0
configure:1745: result: 
configure:1751: checking for suffix of object files
configure:1772: /home/matthew/emscripten/emcc -c   conftest.c >&5
clang-3: warning: argument unused during compilation: '-nostdinc++'
configure:1775: $? = 0
configure:1797: result: o
configure:1801: checking whether we are using the GNU C compiler
configure:1825: /home/matthew/emscripten/emcc -c   conftest.c >&5
clang-3: warning: argument unused during compilation: '-nostdinc++'
configure:1831: $? = 0
configure:1835: test -z 
			 || test ! -s conftest.err
configure:1838: $? = 0
configure:1841: test -s conftest.o
configure:1844: $? = 0
configure:1857: result: yes
configure:1863: checking whether /home/matthew/emscripten/emcc accepts -g
configure:1884: /home/matthew/emscripten/emcc -c -g  conftest.c >&5
clang-3: warning: argument unused during compilation: '-nostdinc++'
configure:1890: $? = 0
configure:1894: test -z 
			 || test ! -s conftest.err
configure:1897: $? = 0
configure:1900: test -s conftest.o
configure:1903: $? = 0
configure:1914: result: yes
configure:1931: checking for /home/matthew/emscripten/emcc option to accept ANSI C
configure:2001: /home/matthew/emscripten/emcc  -c   conftest.c >&5
clang-3: warning: argument unused during compilation: '-nostdinc++'
configure:2007: $? = 0
configure:2011: test -z 
			 || test ! -s conftest.err
configure:2014: $? = 0
configure:2017: test -s conftest.o
configure:2020: $? = 0
configure:2038: result: none needed
configure:2056: /home/matthew/emscripten/emcc -c   conftest.c >&5
clang-3: warning: argument unused during compilation: '-nostdinc++'
conftest.c:2:3: error: unknown type name 'choke'
  choke me
  ^
conftest.c:2:11: error: expected ';' after top level declarator
  choke me
          ^
          ;
2 errors generated.
configure:2062: $? = 1
configure: failed program was:
| #ifndef __cplusplus
|   choke me
| #endif
configure:2289: checking for C++ compiler version
configure:2292: /home/matthew/emscripten/em++ --version </dev/null >&5
emcc (Emscripten GCC-like replacement) 1.4.9 (commit c741788a37b2fe8fa6ae2a9249031a7fda97f842)
Copyright (C) 2013 the Emscripten authors (see AUTHORS.txt)
This is free and open source software under the MIT license.
There is NO warranty; not even for MERCHANTABILITY or FITNESS FOR A PARTICULAR PURPOSE.
  
configure:2295: $? = 0
configure:2297: /home/matthew/emscripten/em++ -v </dev/null >&5
clang version 3.2 (tags/RELEASE_32/final 184396)
Target: x86_64-unknown-linux-gnu
Thread model: posix
emcc (Emscripten GCC-like replacement + linker emulating GNU ld ) 2.0
configure:2300: $? = 0
configure:2302: /home/matthew/emscripten/em++ -V </dev/null >&5
clang-3: error: unsupported option '-V -nostdinc'
clang-3: error: no input files
configure:2305: $? = 1
configure:2308: checking whether we are using the GNU C++ compiler
configure:2332: /home/matthew/emscripten/em++ -c   -I/home/matthew/Development/xerces.js/xerces-c-3.1.1/src -O3 -DNDEBUG  -pthread -D_REENTRANT    conftest.cc >&5
configure:2338: $? = 0
configure:2342: test -z 
			 || test ! -s conftest.err
configure:2345: $? = 0
configure:2348: test -s conftest.o
configure:2351: $? = 0
configure:2364: result: yes
configure:2370: checking whether /home/matthew/emscripten/em++ accepts -g
configure:2391: /home/matthew/emscripten/em++ -c -g  conftest.cc >&5
configure:2397: $? = 0
configure:2401: test -z 
			 || test ! -s conftest.err
configure:2404: $? = 0
configure:2407: test -s conftest.o
configure:2410: $? = 0
configure:2421: result: yes
configure:2463: /home/matthew/emscripten/em++ -c   -I/home/matthew/Development/xerces.js/xerces-c-3.1.1/src -O3 -DNDEBUG  -pthread -D_REENTRANT    conftest.cc >&5
configure:2469: $? = 0
configure:2473: test -z 
			 || test ! -s conftest.err
configure:2476: $? = 0
configure:2479: test -s conftest.o
configure:2482: $? = 0
configure:2508: /home/matthew/emscripten/em++ -c   -I/home/matthew/Development/xerces.js/xerces-c-3.1.1/src -O3 -DNDEBUG  -pthread -D_REENTRANT    conftest.cc >&5
conftest.cc:13:1: error: use of undeclared identifier 'exit'
exit (42);
^
1 error generated.
configure:2514: $? = 1
configure: failed program was:
| /* confdefs.h.  */
| 
| #define PACKAGE_NAME ""
| #define PACKAGE_TARNAME ""
| #define PACKAGE_VERSION ""
| #define PACKAGE_STRING ""
| #define PACKAGE_BUGREPORT ""
| /* end confdefs.h.  */
| 
| int
| main ()
| {
| exit (42);
|   ;
|   return 0;
| }
configure:2463: /home/matthew/emscripten/em++ -c   -I/home/matthew/Development/xerces.js/xerces-c-3.1.1/src -O3 -DNDEBUG  -pthread -D_REENTRANT    conftest.cc >&5
conftest.cc:9:17: error: use of undeclared identifier 'std'
extern "C" void std::exit (int) throw (); using std::exit;
                ^
conftest.cc:9:49: error: use of undeclared identifier 'std'
extern "C" void std::exit (int) throw (); using std::exit;
                                                ^
2 errors generated.
configure:2469: $? = 1
configure: failed program was:
| /* confdefs.h.  */
| 
| #define PACKAGE_NAME ""
| #define PACKAGE_TARNAME ""
| #define PACKAGE_VERSION ""
| #define PACKAGE_STRING ""
| #define PACKAGE_BUGREPORT ""
| /* end confdefs.h.  */
| extern "C" void std::exit (int) throw (); using std::exit;
| #include <stdlib.h>
| int
| main ()
| {
| exit (42);
|   ;
|   return 0;
| }
configure:2463: /home/matthew/emscripten/em++ -c   -I/home/matthew/Development/xerces.js/xerces-c-3.1.1/src -O3 -DNDEBUG  -pthread -D_REENTRANT    conftest.cc >&5
conftest.cc:9:17: error: use of undeclared identifier 'std'
extern "C" void std::exit (int); using std::exit;
                ^
conftest.cc:9:40: error: use of undeclared identifier 'std'
extern "C" void std::exit (int); using std::exit;
                                       ^
2 errors generated.
configure:2469: $? = 1
configure: failed program was:
| /* confdefs.h.  */
| 
| #define PACKAGE_NAME ""
| #define PACKAGE_TARNAME ""
| #define PACKAGE_VERSION ""
| #define PACKAGE_STRING ""
| #define PACKAGE_BUGREPORT ""
| /* end confdefs.h.  */
| extern "C" void std::exit (int); using std::exit;
| #include <stdlib.h>
| int
| main ()
| {
| exit (42);
|   ;
|   return 0;
| }
configure:2463: /home/matthew/emscripten/em++ -c   -I/home/matthew/Development/xerces.js/xerces-c-3.1.1/src -O3 -DNDEBUG  -pthread -D_REENTRANT    conftest.cc >&5
configure:2469: $? = 0
configure:2473: test -z 
			 || test ! -s conftest.err
configure:2476: $? = 0
configure:2479: test -s conftest.o
configure:2482: $? = 0
configure:2508: /home/matthew/emscripten/em++ -c   -I/home/matthew/Development/xerces.js/xerces-c-3.1.1/src -O3 -DNDEBUG  -pthread -D_REENTRANT    conftest.cc >&5
configure:2514: $? = 0
configure:2518: test -z 
			 || test ! -s conftest.err
configure:2521: $? = 0
configure:2524: test -s conftest.o
configure:2527: $? = 0
configure:2588: checking for a BSD-compatible install
configure:2643: result: /usr/bin/install -c
configure:2656: checking for autoconf
configure:2683: result: true
configure:2767: checking build system type
configure:2785: result: x86_64-unknown-linux-gnu
configure:2793: checking host system type
configure:2807: result: x86_64-unknown-linux-gnu
configure:2843: checking for floor in -lm
configure:2873: /home/matthew/emscripten/emcc -o conftest      -pthread -D_REENTRANT conftest.c -lm   -lpthread  >&5
clang-3: warning: argument unused during compilation: '-nostdinc++'
conftest.c:19:6: warning: incompatible redeclaration of library function 'floor'
char floor ();
     ^
conftest.c:19:6: note: 'floor' is a builtin with type 'double (double)'
1 warning generated.
configure:2879: $? = 0
configure:2883: test -z 
			 || test ! -s conftest.err
configure:2886: $? = 0
configure:2889: test -s conftest
configure:2892: $? = 0
configure:2905: result: yes
configure:2923: checking how to run the C++ preprocessor
configure:2954: /home/matthew/emscripten/em++ -E  conftest.cc
configure:2960: $? = 0
configure:2992: /home/matthew/emscripten/em++ -E  conftest.cc
conftest.cc:13:10: fatal error: 'ac_nonexistent.h' file not found
#include <ac_nonexistent.h>
         ^
1 error generated.
configure:2998: $? = 1
configure: failed program was:
| /* confdefs.h.  */
| 
| #define PACKAGE_NAME ""
| #define PACKAGE_TARNAME ""
| #define PACKAGE_VERSION ""
| #define PACKAGE_STRING ""
| #define PACKAGE_BUGREPORT ""
| #ifdef __cplusplus
| extern "C" void exit (int) throw ();
| #endif
| #define HAVE_LIBM 1
| /* end confdefs.h.  */
| #include <ac_nonexistent.h>
configure:3037: result: /home/matthew/emscripten/em++ -E
configure:3061: /home/matthew/emscripten/em++ -E  conftest.cc
configure:3067: $? = 0
configure:3099: /home/matthew/emscripten/em++ -E  conftest.cc
conftest.cc:13:10: fatal error: 'ac_nonexistent.h' file not found
#include <ac_nonexistent.h>
         ^
1 error generated.
configure:3105: $? = 1
configure: failed program was:
| /* confdefs.h.  */
| 
| #define PACKAGE_NAME ""
| #define PACKAGE_TARNAME ""
| #define PACKAGE_VERSION ""
| #define PACKAGE_STRING ""
| #define PACKAGE_BUGREPORT ""
| #ifdef __cplusplus
| extern "C" void exit (int) throw ();
| #endif
| #define HAVE_LIBM 1
| /* end confdefs.h.  */
| #include <ac_nonexistent.h>
configure:3149: checking for egrep
configure:3159: result: grep -E
configure:3164: checking for ANSI C header files
configure:3189: /home/matthew/emscripten/em++ -c   -I/home/matthew/Development/xerces.js/xerces-c-3.1.1/src -O3 -DNDEBUG  -pthread -D_REENTRANT    conftest.cc >&5
configure:3195: $? = 0
configure:3199: test -z 
			 || test ! -s conftest.err
configure:3202: $? = 0
configure:3205: test -s conftest.o
configure:3208: $? = 0
configure:3297: /home/matthew/emscripten/em++ -o conftest   -I/home/matthew/Development/xerces.js/xerces-c-3.1.1/src -O3 -DNDEBUG  -pthread -D_REENTRANT       -pthread -D_REENTRANT conftest.cc -lm  -lpthread  >&5
configure:3300: $? = 0
configure:3302: ./conftest
configure:3305: $? = 0
configure:3320: result: yes
configure:3334: checking for mbstowcs
configure:3391: /home/matthew/emscripten/em++ -o conftest   -I/home/matthew/Development/xerces.js/xerces-c-3.1.1/src -O3 -DNDEBUG  -pthread -D_REENTRANT       -pthread -D_REENTRANT conftest.cc -lm  -lpthread  >&5
configure:3397: $? = 0
configure:3401: test -z 
			 || test ! -s conftest.err
configure:3404: $? = 0
configure:3407: test -s conftest
configure:3410: $? = 0
configure:3422: result: yes
configure:3435: checking if mbstowcs can count only
configure:3465: /home/matthew/emscripten/em++ -o conftest   -I/home/matthew/Development/xerces.js/xerces-c-3.1.1/src -O3 -DNDEBUG  -pthread -D_REENTRANT       -pthread -D_REENTRANT conftest.cc -lm  -lpthread  >&5
configure:3468: $? = 0
configure:3470: ./conftest
configure:3473: $? = 0
configure:3475: result: yes
configure:3666: creating ./config.status

## ---------------------- ##
## Running config.status. ##
## ---------------------- ##

This file was extended by config.status, which was
generated by GNU Autoconf 2.59.  Invocation command line was

  CONFIG_FILES    = 
  CONFIG_HEADERS  = 
  CONFIG_LINKS    = 
  CONFIG_COMMANDS = 
  $ ./config.status 

on matthew-VirtualBox

config.status:676: creating Makefile.incl
config.status:676: creating Makefile
config.status:676: creating src/xalanc/Makefile
config.status:676: creating src/xalanc/Utils/Makefile
config.status:676: creating src/xalanc/Utils/MsgCreator/Makefile
config.status:676: creating src/xalanc/Utils/XalanMsgLib/Makefile
config.status:676: creating samples/Makefile
config.status:676: creating Tests/Makefile

## ---------------- ##
## Cache variables. ##
## ---------------- ##

ac_cv_build=x86_64-unknown-linux-gnu
ac_cv_build_alias=x86_64-unknown-linux-gnu
ac_cv_c_compiler_gnu=yes
ac_cv_cxx_compiler_gnu=yes
ac_cv_env_CC_set=set
ac_cv_env_CC_value=/home/matthew/emscripten/emcc
ac_cv_env_CFLAGS_set=set
ac_cv_env_CFLAGS_value=
ac_cv_env_CPPFLAGS_set=
ac_cv_env_CPPFLAGS_value=
ac_cv_env_CXXCPP_set=
ac_cv_env_CXXCPP_value=
ac_cv_env_CXXFLAGS_set=set
ac_cv_env_CXXFLAGS_value='  -I/home/matthew/Development/xerces.js/xerces-c-3.1.1/src -O3 -DNDEBUG  -pthread -D_REENTRANT  '
ac_cv_env_CXX_set=set
ac_cv_env_CXX_value=/home/matthew/emscripten/em++
ac_cv_env_LDFLAGS_set=set
ac_cv_env_LDFLAGS_value='   -pthread -D_REENTRANT'
ac_cv_env_build_alias_set=
ac_cv_env_build_alias_value=
ac_cv_env_host_alias_set=
ac_cv_env_host_alias_value=
ac_cv_env_target_alias_set=
ac_cv_env_target_alias_value=
ac_cv_exeext=
ac_cv_func_mbstowcs=yes
ac_cv_header_stdc=yes
ac_cv_host=x86_64-unknown-linux-gnu
ac_cv_host_alias=x86_64-unknown-linux-gnu
ac_cv_lib_m_floor=yes
ac_cv_objext=o
ac_cv_path_install='/usr/bin/install -c'
ac_cv_prog_AUTOCONF=true
ac_cv_prog_CXXCPP='/home/matthew/emscripten/em++ -E'
ac_cv_prog_ac_ct_CC=/home/matthew/emscripten/emcc
ac_cv_prog_cc_g=yes
ac_cv_prog_cc_stdc=
ac_cv_prog_cxx_g=yes
ac_cv_prog_egrep='grep -E'

## ----------------- ##
## Output variables. ##
## ----------------- ##

AUTOCONF='true'
CC='/home/matthew/emscripten/emcc'
CFLAGS=''
CPPFLAGS=''
CXX='/home/matthew/emscripten/em++'
CXXCPP='/home/matthew/emscripten/em++ -E'
CXXFLAGS='  -I/home/matthew/Development/xerces.js/xerces-c-3.1.1/src -O3 -DNDEBUG  -pthread -D_REENTRANT  '
DEFS='-DPACKAGE_NAME=\"\" -DPACKAGE_TARNAME=\"\" -DPACKAGE_VERSION=\"\" -DPACKAGE_STRING=\"\" -DPACKAGE_BUGREPORT=\"\" -DHAVE_LIBM=1 -DSTDC_HEADERS=1 -DHAVE_MBSTOWCS=1 '
ECHO_C=''
ECHO_N='-n'
ECHO_T=''
EGREP='grep -E'
EXEEXT=''
INSTALL_DATA='${INSTALL} -m 644'
INSTALL_PROGRAM='${INSTALL}'
INSTALL_SCRIPT='${INSTALL}'
LDFLAGS='   -pthread -D_REENTRANT'
LIBOBJS=''
LIBS='-lm  -lpthread '
LTLIBOBJS=''
OBJEXT='o'
PACKAGE_BUGREPORT=''
PACKAGE_NAME=''
PACKAGE_STRING=''
PACKAGE_TARNAME=''
PACKAGE_VERSION=''
PATH_SEPARATOR=':'
SHELL='/bin/bash'
ac_ct_CC='/home/matthew/emscripten/emcc'
ac_ct_CXX=''
bindir='${exec_prefix}/bin'
bitstobuild='32'
build='x86_64-unknown-linux-gnu'
build_alias=''
build_cpu='x86_64'
build_os='linux-gnu'
build_vendor='unknown'
cc='/home/matthew/emscripten/emcc'
cflags=''
cppflags=''
cxx='/home/matthew/emscripten/em++'
cxxflags='  -I/home/matthew/Development/xerces.js/xerces-c-3.1.1/src -O3 -DNDEBUG  -pthread -D_REENTRANT  '
datadir='${prefix}/share'
exec_prefix='${prefix}'
host='x86_64-unknown-linux-gnu'
host_alias=''
host_cpu='x86_64'
host_os='linux-gnu'
host_vendor='unknown'
includedir='${prefix}/include'
infodir='${prefix}/info'
ldflags='   -pthread -D_REENTRANT'
libdir='${exec_prefix}/lib'
libexecdir='${exec_prefix}/libexec'
libs='-lm  -lpthread '
localstatedir='${prefix}/var'
mandir='${prefix}/man'
oldincludedir='/usr/include'
osvariant=''
osver=''
platform='LINUX'
prefix='/usr/local'
program_transform_name='s,x,x,'
sbindir='${exec_prefix}/sbin'
sharedstatedir='${prefix}/com'
sysconfdir='${prefix}/etc'
target_alias=''
threads=''
transcoder=''
wcstombs=''
xalan_locale='en_US'
xalan_locale_system='inmem'

## ----------- ##
## confdefs.h. ##
## ----------- ##

#define HAVE_LIBM 1
#define HAVE_MBSTOWCS 1
#define PACKAGE_BUGREPORT ""
#define PACKAGE_NAME ""
#define PACKAGE_STRING ""
#define PACKAGE_TARNAME ""
#define PACKAGE_VERSION ""
#define STDC_HEADERS 1
#endif
#ifdef __cplusplus
extern "C" void exit (int) throw ();

configure: exit 0
